# JRE version: OpenJDK Runtime Environment (11.0.12+7) (build 11.0.12+7-b1504.28-7817840)
# Java VM: OpenJDK 64-Bit Server VM (11.0.12+7-b1504.28-7817840, mixed mode, tiered, compressed oops, g1 gc, windows-amd64)
Heap:
 garbage-first heap   total 187392K, used 120190K [0x0000000080000000, 0x0000000100000000)
  region size 1024K, 25 young (25600K), 1 survivors (1024K)
 Metaspace       used 116189K, capacity 119836K, committed 120524K, reserved 1153024K
  class space    used 14872K, capacity 16246K, committed 16384K, reserved 1048576K
GC Heap History (20 events):
Event: 1585.760 GC heap before
{Heap before GC invocations=84 (full 0):
 garbage-first heap   total 187392K, used 139593K [0x0000000080000000, 0x0000000100000000)
  region size 1024K, 32 young (32768K), 1 survivors (1024K)
 Metaspace       used 114628K, capacity 118249K, committed 118476K, reserved 1150976K
  class space    used 14735K, capacity 16100K, committed 16128K, reserved 1048576K
}
Event: 1585.764 GC heap after
{Heap after GC invocations=85 (full 0):
 garbage-first heap   total 187392K, used 110447K [0x0000000080000000, 0x0000000100000000)
  region size 1024K, 2 young (2048K), 2 survivors (2048K)
 Metaspace       used 114628K, capacity 118249K, committed 118476K, reserved 1150976K
  class space    used 14735K, capacity 16100K, committed 16128K, reserved 1048576K
}
Event: 4254.297 GC heap before
{Heap before GC invocations=86 (full 0):
 garbage-first heap   total 187392K, used 162671K [0x0000000080000000, 0x0000000100000000)
  region size 1024K, 39 young (39936K), 2 survivors (2048K)
 Metaspace       used 114657K, capacity 118313K, committed 118476K, reserved 1150976K
  class space    used 14735K, capacity 16100K, committed 16128K, reserved 1048576K
}
Event: 4254.354 GC heap after
{Heap after GC invocations=87 (full 0):
 garbage-first heap   total 187392K, used 109854K [0x0000000080000000, 0x0000000100000000)
  region size 1024K, 1 young (1024K), 1 survivors (1024K)
 Metaspace       used 114657K, capacity 118313K, committed 118476K, reserved 1150976K
  class space    used 14735K, capacity 16100K, committed 16128K, reserved 1048576K
}
Event: 4255.330 GC heap before
{Heap before GC invocations=87 (full 0):
 garbage-first heap   total 187392K, used 117022K [0x0000000080000000, 0x0000000100000000)
  region size 1024K, 9 young (9216K), 1 survivors (1024K)
 Metaspace       used 114669K, capacity 118313K, committed 118476K, reserved 1150976K
  class space    used 14735K, capacity 16100K, committed 16128K, reserved 1048576K
}
Event: 4255.386 GC heap after
{Heap after GC invocations=88 (full 0):
 garbage-first heap   total 187392K, used 103049K [0x0000000080000000, 0x0000000100000000)
  region size 1024K, 1 young (1024K), 1 survivors (1024K)
 Metaspace       used 114669K, capacity 118313K, committed 118476K, reserved 1150976K
  class space    used 14735K, capacity 16100K, committed 16128K, reserved 1048576K
}
Event: 4803.639 GC heap before
{Heap before GC invocations=88 (full 0):
 garbage-first heap   total 187392K, used 147081K [0x0000000080000000, 0x0000000100000000)
  region size 1024K, 44 young (45056K), 1 survivors (1024K)
 Metaspace       used 114775K, capacity 118445K, committed 118476K, reserved 1150976K
  class space    used 14752K, capacity 16120K, committed 16128K, reserved 1048576K
}
Event: 4803.887 GC heap after
{Heap after GC invocations=89 (full 0):
 garbage-first heap   total 187392K, used 105200K [0x0000000080000000, 0x0000000100000000)
  region size 1024K, 3 young (3072K), 3 survivors (3072K)
 Metaspace       used 114775K, capacity 118445K, committed 118476K, reserved 1150976K
  class space    used 14752K, capacity 16120K, committed 16128K, reserved 1048576K
}
Event: 4806.449 GC heap before
{Heap before GC invocations=90 (full 0):
 garbage-first heap   total 187392K, used 147184K [0x0000000080000000, 0x0000000100000000)
  region size 1024K, 46 young (47104K), 3 survivors (3072K)
 Metaspace       used 114728K, capacity 118307K, committed 119116K, reserved 1153024K
  class space    used 14707K, capacity 16069K, committed 16256K, reserved 1048576K
}
Event: 4806.475 GC heap after
{Heap after GC invocations=91 (full 0):
 garbage-first heap   total 187392K, used 108440K [0x0000000080000000, 0x0000000100000000)
  region size 1024K, 6 young (6144K), 6 survivors (6144K)
 Metaspace       used 114728K, capacity 118307K, committed 119116K, reserved 1153024K
  class space    used 14707K, capacity 16069K, committed 16256K, reserved 1048576K
}
Event: 4806.487 GC heap before
{Heap before GC invocations=91 (full 0):
 garbage-first heap   total 187392K, used 110488K [0x0000000080000000, 0x0000000100000000)
  region size 1024K, 9 young (9216K), 6 survivors (6144K)
 Metaspace       used 114728K, capacity 118307K, committed 119116K, reserved 1153024K
  class space    used 14707K, capacity 16069K, committed 16256K, reserved 1048576K
}
Event: 4806.540 GC heap after
{Heap after GC invocations=92 (full 0):
 garbage-first heap   total 187392K, used 99890K [0x0000000080000000, 0x0000000100000000)
  region size 1024K, 1 young (1024K), 1 survivors (1024K)
 Metaspace       used 114728K, capacity 118307K, committed 119116K, reserved 1153024K
  class space    used 14707K, capacity 16069K, committed 16256K, reserved 1048576K
}
Event: 4806.578 GC heap before
{Heap before GC invocations=92 (full 0):
 garbage-first heap   total 187392K, used 108082K [0x0000000080000000, 0x0000000100000000)
  region size 1024K, 9 young (9216K), 1 survivors (1024K)
 Metaspace       used 114728K, capacity 118307K, committed 119116K, reserved 1153024K
  class space    used 14707K, capacity 16069K, committed 16256K, reserved 1048576K
}
Event: 4806.596 GC heap after
{Heap after GC invocations=93 (full 0):
 garbage-first heap   total 187392K, used 96934K [0x0000000080000000, 0x0000000100000000)
  region size 1024K, 1 young (1024K), 1 survivors (1024K)
 Metaspace       used 114728K, capacity 118307K, committed 119116K, reserved 1153024K
  class space    used 14707K, capacity 16069K, committed 16256K, reserved 1048576K
}
Event: 4807.237 GC heap before
{Heap before GC invocations=93 (full 0):
 garbage-first heap   total 187392K, used 143014K [0x0000000080000000, 0x0000000100000000)
  region size 1024K, 47 young (48128K), 1 survivors (1024K)
 Metaspace       used 114772K, capacity 118350K, committed 119116K, reserved 1153024K
  class space    used 14711K, capacity 16076K, committed 16256K, reserved 1048576K
}
Event: 4807.245 GC heap after
{Heap after GC invocations=94 (full 0):
 garbage-first heap   total 187392K, used 100433K [0x0000000080000000, 0x0000000100000000)
  region size 1024K, 5 young (5120K), 5 survivors (5120K)
 Metaspace       used 114772K, capacity 118350K, committed 119116K, reserved 1153024K
  class space    used 14711K, capacity 16076K, committed 16256K, reserved 1048576K
}
Event: 4808.002 GC heap before
{Heap before GC invocations=95 (full 0):
 garbage-first heap   total 187392K, used 145489K [0x0000000080000000, 0x0000000100000000)
  region size 1024K, 50 young (51200K), 5 survivors (5120K)
 Metaspace       used 115298K, capacity 118923K, committed 119756K, reserved 1153024K
  class space    used 14765K, capacity 16150K, committed 16384K, reserved 1048576K
}
Event: 4808.013 GC heap after
{Heap after GC invocations=96 (full 0):
 garbage-first heap   total 187392K, used 103456K [0x0000000080000000, 0x0000000100000000)
  region size 1024K, 3 young (3072K), 3 survivors (3072K)
 Metaspace       used 115298K, capacity 118923K, committed 119756K, reserved 1153024K
  class space    used 14765K, capacity 16150K, committed 16384K, reserved 1048576K
}
Event: 4808.053 GC heap before
{Heap before GC invocations=96 (full 0):
 garbage-first heap   total 187392K, used 108576K [0x0000000080000000, 0x0000000100000000)
  region size 1024K, 9 young (9216K), 3 survivors (3072K)
 Metaspace       used 115299K, capacity 118923K, committed 119756K, reserved 1153024K
  class space    used 14765K, capacity 16150K, committed 16384K, reserved 1048576K
}
Event: 4808.064 GC heap after
{Heap after GC invocations=97 (full 0):
 garbage-first heap   total 187392K, used 97662K [0x0000000080000000, 0x0000000100000000)
  region size 1024K, 1 young (1024K), 1 survivors (1024K)
 Metaspace       used 115299K, capacity 118923K, committed 119756K, reserved 1153024K
  class space    used 14765K, capacity 16150K, committed 16384K, reserved 1048576K
}

